1657105469619:p
1657105475608:g
1657105492962:g pes
1657105507513:stacktrace
1657105566775:g pes
1657108637146:p
1657108651747:quit
1657109803244:p
1657109817831:g pes
1657109820595:p
1657112336760:genre
1657118396077:stacktrace
1657118469521:genre
1657118801198:quit
1657118864433:genre
1657119200891:2
1657119207400:genre
1657119214690:pes
1657119249236:genre
1657119260211:asdasd
1657119296192:enreg
1657119298541:g
1657174814299:peasdasd
1657174924882:g
1657174985774:sasdasdasdasd
1657175068782:g
1657175082924:p
1657175105374:g
1657175113438:p
1657176029363:g
1657176083018:4
1657176090442:g
1657177263036:23
1657177834042:p
1657177843362:g
1657177850478:p
1657177861665:1
1657177866483:g
1657177876545:p
1657180090989:g
1657183831303:asd
1657183836380:quit
1657184201449:a
1657184568755:ф
1657184570651:a
1657198176146:p
1657198184707:b
1657198268031:stacktrace
1657198338344:з
1657198340419:p
1657198341746:b
1657198586591:и
1657198589615:p
1657198590995:b
1657198609628:з
1657198612006:p
1657198625313:b
1657198652973:з
1657198655941:p
1657201153337:a
1657201383008:g
1657207010649:п
1657207012467:g
1657207710694:stacktrace
1657208496237:a
1657210196525:stacktrace
1657210449099:a
1657210459259:g
