1656675648143:sd
1656675651361:pes
1656675654087:quit
1656675928146:j
1656675931330:quit
1656675944423:help
1656675968398:test_me
1656675977689:quit
1656680250276:asdasd
1656680267216:test
1656680299180:login "my name is"
1656680324284:test
1656680361962:d asdas d
1656680365700:test
1656680396270:login "my name is"
1656680417231:test
1656680464408:sadasd
1656680468534:test
1656680476582:login "sck kdjq wl qwld "
1656680479613:test
1656680833794:sdasd
1656680837371:test
1656680843324:login "sad"
1656680855240:login pes
1656680858802:test
1656680873190:1
1656680877089:pes
1656680882231:quit
1656681065634:test
1656681069154:quit
1656681126323:asd
1656681129981:test
1656681133314:quit
